[13:22:44] [main/INFO] (FabricLoader) Loading for game Minecraft 1.16.5
[13:22:45] [main/INFO] (Fabric|Loader) [FabricLoader] Loading 43 mods: minecraft@1.16.5, fabric-screen-handler-api-v1@1.1.0+872498413a, fabric-networking-blockentity-v0@0.2.5+b50ffc7b3a, fabric-renderer-api-v1@0.3.3+a4467d2a3a, fabric-keybindings-v0@0.2.0+3fa9f7c53a, fabric-command-api-v1@1.0.9+a4467d2a3a, fabricloader@0.11.3, fabric-tool-attribute-api-v1@1.2.4+2b4623793a, fabric-structure-api-v1@1.1.0+f8ac1db23a, fabric-renderer-indigo@0.4.3+a4467d2a3a, fabric-containers-v0@0.1.8+045df74f3a, fabric-object-builder-api-v1@1.9.2+a89534ab3a, java@8, fabric-crash-report-info-v1@0.1.2+b7f9825d3a, fabric-events-interaction-v0@0.4.1+f8ac1db23a, fabric-item-api-v1@1.2.0+f8ac1db23a, fabric-game-rule-api-v1@1.0.3+a4467d2a3a, aibot@1.0-SNAPSHOT, fabric-api-base@0.2.0+9f0fb4b83a, fabric-rendering-v0@1.1.1+f8ac1db23a, fabric-rendering-v1@1.3.1+f8ac1db23a, fabric-key-binding-api-v1@1.0.1+730711c63a, fabric-rendering-data-attachment-v1@0.1.4+f8ac1db23a, fabric-resource-loader-v0@0.3.1+facf3bbf3a, fabric-textures-v0@1.0.5+a4467d2a3a, fabric-content-registries-v0@0.1.9+059ea8663a, fabric-tag-extensions-v0@1.0.3+ac8e8c593a, fabric-biome-api-v1@3.0.0+8367596d3a, fabric-rendering-fluids-v1@0.1.12+f8ac1db23a, fabric-commands-v0@0.2.0+52d308363a, fabric-registry-sync-v0@0.6.1+a4467d2a3a, fabric-blockrenderlayer-v1@1.1.4+c6a8ea893a, fabric-lifecycle-events-v1@1.2.0+74cc3b203a, fabric-mining-levels-v0@0.1.2+b764ce993a, fabric-renderer-registries-v1@2.2.0+f8ac1db23a, fabric-events-lifecycle-v0@0.2.0+16acbe5b3a, fabric-loot-tables-v1@1.0.1+432ea1883a, fabric@0.25.1+build.416-1.16, fabric-models-v0@0.1.1+f8ac1db23a, fabric-item-groups-v0@0.2.1+a4467d2a3a, fabric-particles-v1@0.2.2+fb0d9b0e3a, fabric-networking-v0@0.1.10+e00ecb5f3a, fabric-object-builders-v0@0.7.1+a4467d2a3a
[13:22:46] [main/INFO] (mixin) SpongePowered MIXIN Subsystem Version=0.8.2 Source=file:/Users/hacker/.gradle/caches/modules-2/files-2.1/net.fabricmc/sponge-mixin/0.9.2+mixin.0.8.2/12c437eebf031967eaa7daad861e115932772cc7/sponge-mixin-0.9.2+mixin.0.8.2.jar Service=Knot/Fabric Env=CLIENT
[13:22:46] [main/INFO] (Fabric|MixinBootstrap) Loaded Fabric development mappings for mixin remapper!
[13:22:47] [main/INFO] (mixin) Remapping refMap fabric-networking-v0-refmap.json using remapper chain
[13:22:47] [main/INFO] (mixin) Remapping refMap fabric-networking-blockentity-v0-refmap.json using remapper chain
[13:22:47] [main/INFO] (mixin) Remapping refMap fabric-screen-handler-api-v1-refmap.json using remapper chain
[13:22:47] [main/INFO] (mixin) Remapping refMap fabric-lifecycle-events-v1-refmap.json using remapper chain
[13:22:47] [main/INFO] (mixin) Remapping refMap fabric-containers-v0-refmap.json using remapper chain
[13:22:47] [main/INFO] (mixin) Remapping refMap fabric-renderer-indigo-refmap.json using remapper chain
[13:22:47] [main/INFO] (mixin) Remapping refMap fabric-rendering-data-attachment-v1-refmap.json using remapper chain
[13:22:47] [main/INFO] (mixin) Remapping refMap fabric-structure-api-v1-refmap.json using remapper chain
[13:22:47] [main/INFO] (mixin) Remapping refMap fabric-events-interaction-v0-refmap.json using remapper chain
[13:22:47] [main/INFO] (mixin) Remapping refMap fabric-item-api-v1-refmap.json using remapper chain
[13:22:47] [main/INFO] (mixin) Remapping refMap fabric-loot-tables-v1-refmap.json using remapper chain
[13:22:47] [main/INFO] (mixin) Remapping refMap fabric-object-builder-api-v1-refmap.json using remapper chain
[13:22:47] [main/INFO] (mixin) Remapping refMap fabric-renderer-registries-v1-refmap.json using remapper chain
[13:22:47] [main/INFO] (mixin) Remapping refMap fabric-textures-v0-refmap.json using remapper chain
[13:22:47] [main/INFO] (mixin) Remapping refMap fabric-registry-sync-v0-refmap.json using remapper chain
[13:22:47] [main/INFO] (mixin) Remapping refMap fabric-models-v0-refmap.json using remapper chain
[13:22:47] [main/INFO] (mixin) Remapping refMap fabric-blockrenderlayer-v1-refmap.json using remapper chain
[13:22:47] [main/INFO] (mixin) Remapping refMap fabric-renderer-api-v1-refmap.json using remapper chain
[13:22:47] [main/INFO] (mixin) Remapping refMap fabric-containers-v0-refmap.json using remapper chain
[13:22:47] [main/INFO] (mixin) Remapping refMap fabric-rendering-fluids-v1-refmap.json using remapper chain
[13:22:47] [main/INFO] (mixin) Remapping refMap fabric-biome-api-v1-refmap.json using remapper chain
[13:22:47] [main/INFO] (mixin) Remapping refMap fabric-resource-loader-v0-refmap.json using remapper chain
[13:22:47] [main/INFO] (mixin) Remapping refMap fabric-game-rule-api-v1-refmap.json using remapper chain
[13:22:47] [main/INFO] (mixin) Remapping refMap fabric-particles-v1-refmap.json using remapper chain
[13:22:47] [main/INFO] (mixin) Remapping refMap fabric-object-builders-refmap.json using remapper chain
[13:22:47] [main/INFO] (mixin) Remapping refMap fabric-tag-extensions-v0-refmap.json using remapper chain
[13:22:47] [main/INFO] (mixin) Remapping refMap fabric-tool-attribute-api-v1-refmap.json using remapper chain
[13:22:47] [main/INFO] (mixin) Remapping refMap fabric-rendering-v1-refmap.json using remapper chain
[13:22:47] [main/INFO] (mixin) Remapping refMap fabric-item-groups-v0-refmap.json using remapper chain
[13:22:47] [main/INFO] (mixin) Remapping refMap fabric-content-registries-v0-refmap.json using remapper chain
[13:22:47] [main/INFO] (mixin) Remapping refMap fabric-command-api-v1-refmap.json using remapper chain
[13:22:47] [main/INFO] (mixin) Remapping refMap fabric-crash-report-info-v1-refmap.json using remapper chain
[13:22:47] [main/INFO] (mixin) Remapping refMap fabric-key-binding-api-v1-refmap.json using remapper chain
[13:22:47] [main/INFO] (mixin) Remapping refMap fabric-renderer-api-v1-refmap.json using remapper chain
[13:22:47] [main/WARN] (mixin) @Mixin target net/minecraft/server/world/ThreadedAnvilChunkStorage$EntityTracker is public in fabric-networking-v0.mixins.json:MixinEntityTracker and should be specified in value
[13:22:47] [main/WARN] (mixin) @Mixin target net/minecraft/client/render/block/BlockModelRenderer$AmbientOcclusionCalculator is public in fabric-renderer-indigo.mixins.json:MixinAmbientOcclusionCalculator and should be specified in value
[13:22:47] [main/WARN] (mixin) @Mixin target net/minecraft/client/render/chunk/ChunkBuilder$BuiltChunk$RebuildTask is public in fabric-renderer-indigo.mixins.json:MixinChunkRebuildTask and should be specified in value
[13:22:47] [main/WARN] (mixin) @Mixin target net/minecraft/village/TradeOffers$TypeAwareBuyForOneEmeraldFactory is public in fabric-object-builder-v1.mixins.json:TypeAwareTradeMixin and should be specified in value
[13:22:48] [main/WARN] (mixin) @Mixin target net/minecraft/server/command/GameRuleCommand$1 is public in fabric-game-rule-api-v1.mixins.json:GameRuleCommandVisitorMixin and should be specified in value
[13:22:48] [main/WARN] (mixin) @Mixin target net/minecraft/client/gui/screen/world/EditGameRulesScreen$RuleListWidget$1 is public in fabric-game-rule-api-v1.mixins.json:client.RuleListWidgetVisitorMixin and should be specified in value
[13:22:48] [main/WARN] (mixin) @Mixin target net/minecraft/client/particle/ParticleManager$SimpleSpriteProvider is public in fabric-particles-v1.mixins.json:ParticleManagerAccessor$SimpleSpriteProviderAccessor and should be specified in value
[13:22:48] [main/WARN] (mixin) @Mixin target net/minecraft/tag/Tag$1 is public in fabric-tag-extensions-v0.mixins.json:MixinTagImpl and should be specified in value
[13:22:48] [main/WARN] (mixin) @Mixin target net/minecraft/tag/RequiredTagList$TagWrapper is public in fabric-tag-extensions-v0.mixins.json:MixinTagImpl and should be specified in value
[13:23:03] [main/INFO] (Minecraft) Environment: authHost='https://authserver.mojang.com', accountsHost='https://api.mojang.com', sessionHost='https://sessionserver.mojang.com', servicesHost='https://api.minecraftservices.com', name='PROD'
[13:23:05] [main/ERROR] (Minecraft) Failed to verify authentication
com.mojang.authlib.exceptions.AuthenticationUnavailableException: null
	at com.mojang.authlib.yggdrasil.YggdrasilSocialInteractionsService.checkPrivileges(YggdrasilSocialInteractionsService.java:97) ~[authlib-2.1.28.jar:?]
	at com.mojang.authlib.yggdrasil.YggdrasilSocialInteractionsService.<init>(YggdrasilSocialInteractionsService.java:40) ~[authlib-2.1.28.jar:?]
	at com.mojang.authlib.yggdrasil.YggdrasilAuthenticationService.createSocialInteractionsService(YggdrasilAuthenticationService.java:152) ~[authlib-2.1.28.jar:?]
	at net.minecraft.client.MinecraftClient.method_31382(MinecraftClient.java:563) [minecraft-1.16.5-mapped-net.fabricmc.yarn-1.16.5+build.9-v2.jar:?]
	at net.minecraft.client.MinecraftClient.<init>(MinecraftClient.java:398) [minecraft-1.16.5-mapped-net.fabricmc.yarn-1.16.5+build.9-v2.jar:?]
	at net.minecraft.client.main.Main.main(Main.java:149) [minecraft-1.16.5-mapped-net.fabricmc.yarn-1.16.5+build.9-v2.jar:?]
	at sun.reflect.NativeMethodAccessorImpl.invoke0(Native Method) ~[?:1.8.0_282]
	at sun.reflect.NativeMethodAccessorImpl.invoke(NativeMethodAccessorImpl.java:62) ~[?:1.8.0_282]
	at sun.reflect.DelegatingMethodAccessorImpl.invoke(DelegatingMethodAccessorImpl.java:43) ~[?:1.8.0_282]
	at java.lang.reflect.Method.invoke(Method.java:498) ~[?:1.8.0_282]
	at net.fabricmc.loader.game.MinecraftGameProvider.launch(MinecraftGameProvider.java:226) [fabric-loader-0.11.3.jar:?]
	at net.fabricmc.loader.launch.knot.Knot.launch(Knot.java:146) [fabric-loader-0.11.3.jar:?]
	at net.fabricmc.loader.launch.knot.KnotClient.main(KnotClient.java:28) [fabric-loader-0.11.3.jar:?]
	at net.fabricmc.devlaunchinjector.Main.main(Main.java:86) [dev-launch-injector-0.2.1+build.8.jar:?]
[13:23:05] [main/INFO] (Minecraft) Setting user: MartinTintin
[13:23:06] [main/INFO] (Indigo) [Indigo] Registering Indigo renderer!
[13:23:07] [main/INFO] (Minecraft) Backend library: LWJGL version 3.2.1 build 12
[13:23:13] [main/INFO] (Minecraft) Reloading ResourceManager: Default, Fabric Networking Block Entity (v0), Fabric Renderer API (v1), Fabric Screen Handler API (v1), Fabric Key Bindings (v0), Fabric Command API (v1), Fabric Loader, Fabric Tool Attribute API (v1), Fabric Renderer - Indigo, Fabric Containers (v0), Fabric Object Builder API (v1), Fabric Crash Report Info (v1), Fabric Item API (v1), Fabric Events Interaction (v0), Fabric Game Rule API (v1), Fabric API Base, Fabric Rendering (v0), Fabric Rendering (v1), Fabric Key Binding API (v1), Fabric Rendering Data Attachment (v1), Fabric Resource Loader (v0), Fabric Textures (v0), Fabric Content Registries (v0), Fabric Tag Extensions (v0), Fabric Rendering Fluids (v1), Fabric Biome API (v1), Fabric Registry Sync (v0), Fabric BlockRenderLayer Registration (v1), Fabric Lifecycle Events (v1), Fabric Mining Levels (v0), Fabric Renderer Registries (v1), Fabric Events Lifecycle (v0), Fabric Loot Tables (v1), Fabric API, Fabric Models (v0), Fabric Item Groups (v0), Fabric Object Builders (v0), Fabric Networking (v0)
[13:23:13] [Realms Notification Availability checker #1/INFO] (Minecraft) Could not authorize you against Realms server: Invalid session id
[13:23:44] [main/INFO] (Minecraft) OpenAL initialized.
[13:23:44] [main/INFO] (Minecraft) Sound engine started
[13:23:45] [main/INFO] (Minecraft) Created: 1024x1024x4 minecraft:textures/atlas/blocks.png-atlas
[13:23:46] [main/INFO] (Minecraft) Created: 256x128x4 minecraft:textures/atlas/signs.png-atlas
[13:23:46] [main/INFO] (Minecraft) Created: 1024x512x4 minecraft:textures/atlas/banner_patterns.png-atlas
[13:23:46] [main/INFO] (Minecraft) Created: 1024x512x4 minecraft:textures/atlas/shield_patterns.png-atlas
[13:23:46] [main/INFO] (Minecraft) Created: 256x256x4 minecraft:textures/atlas/chest.png-atlas
[13:23:46] [main/INFO] (Minecraft) Created: 512x256x4 minecraft:textures/atlas/beds.png-atlas
[13:23:46] [main/INFO] (Minecraft) Created: 512x256x4 minecraft:textures/atlas/shulker_boxes.png-atlas
[13:23:48] [main/INFO] (Minecraft) Created: 256x256x0 minecraft:textures/atlas/particles.png-atlas
[13:23:48] [main/INFO] (Minecraft) Created: 256x256x0 minecraft:textures/atlas/paintings.png-atlas
[13:23:48] [main/INFO] (Minecraft) Created: 256x128x0 minecraft:textures/atlas/mob_effects.png-atlas
[13:24:23] [main/WARN] (Minecraft) Ambiguity between arguments [teleport, destination] and [teleport, targets] with inputs: [Player, 0123, @e, dd12be42-52a9-4a91-a8a1-11c01849e498]
[13:24:23] [main/WARN] (Minecraft) Ambiguity between arguments [teleport, location] and [teleport, destination] with inputs: [0.1 -0.5 .9, 0 0 0]
[13:24:23] [main/WARN] (Minecraft) Ambiguity between arguments [teleport, location] and [teleport, targets] with inputs: [0.1 -0.5 .9, 0 0 0]
[13:24:23] [main/WARN] (Minecraft) Ambiguity between arguments [teleport, targets] and [teleport, destination] with inputs: [Player, 0123, dd12be42-52a9-4a91-a8a1-11c01849e498]
[13:24:23] [main/WARN] (Minecraft) Ambiguity between arguments [teleport, targets, location] and [teleport, targets, destination] with inputs: [0.1 -0.5 .9, 0 0 0]
[13:24:23] [main/INFO] (Minecraft) Reloading ResourceManager: Default, Fabric Tool Attribute API (v1)
[13:24:27] [main/INFO] (Minecraft) Loaded 7 recipes
[13:24:28] [main/INFO] (Minecraft) Loaded 927 advancements
[13:24:28] [main/INFO] (BiomeModificationImpl) Applied 0 biome modifications to 0 of 79 new biomes in 3.069 ms
[13:24:33] [main/INFO] (Minecraft) Environment: authHost='https://authserver.mojang.com', accountsHost='https://api.mojang.com', sessionHost='https://sessionserver.mojang.com', servicesHost='https://api.minecraftservices.com', name='PROD'
[13:24:33] [Server thread/INFO] (Minecraft) Starting integrated minecraft server version 1.16.5
[13:24:33] [Server thread/INFO] (Minecraft) Generating keypair
[13:24:34] [Server thread/INFO] (Minecraft) Preparing start region for dimension minecraft:overworld
[13:24:41] [main/INFO] (Minecraft) Preparing spawn area: 0%
[13:24:41] [main/INFO] (Minecraft) Preparing spawn area: 0%
[13:24:41] [main/INFO] (Minecraft) Preparing spawn area: 0%
[13:24:41] [main/INFO] (Minecraft) Preparing spawn area: 0%
[13:24:41] [main/INFO] (Minecraft) Preparing spawn area: 0%
[13:24:41] [main/INFO] (Minecraft) Preparing spawn area: 0%
[13:24:41] [main/INFO] (Minecraft) Preparing spawn area: 0%
[13:24:41] [main/INFO] (Minecraft) Preparing spawn area: 0%
[13:24:41] [main/INFO] (Minecraft) Preparing spawn area: 0%
[13:24:41] [main/INFO] (Minecraft) Preparing spawn area: 0%
[13:24:41] [main/INFO] (Minecraft) Preparing spawn area: 0%
[13:24:41] [main/INFO] (Minecraft) Preparing spawn area: 0%
[13:24:41] [main/INFO] (Minecraft) Preparing spawn area: 0%
[13:24:41] [main/INFO] (Minecraft) Preparing spawn area: 0%
[13:24:41] [main/INFO] (Minecraft) Preparing spawn area: 0%
[13:24:42] [main/INFO] (Minecraft) Preparing spawn area: 3%
[13:24:42] [main/INFO] (Minecraft) Preparing spawn area: 71%
[13:25:03] [main/INFO] (Minecraft) Preparing spawn area: 83%
[13:25:03] [main/INFO] (Minecraft) Preparing spawn area: 83%
[13:25:03] [main/INFO] (Minecraft) Preparing spawn area: 83%
[13:25:03] [main/INFO] (Minecraft) Preparing spawn area: 83%
[13:25:03] [main/INFO] (Minecraft) Preparing spawn area: 83%
[13:25:03] [main/INFO] (Minecraft) Preparing spawn area: 83%
[13:25:03] [main/INFO] (Minecraft) Preparing spawn area: 83%
[13:25:03] [main/INFO] (Minecraft) Preparing spawn area: 83%
[13:25:03] [main/INFO] (Minecraft) Preparing spawn area: 83%
[13:25:03] [main/INFO] (Minecraft) Preparing spawn area: 83%
[13:25:03] [main/INFO] (Minecraft) Preparing spawn area: 83%
[13:25:03] [main/INFO] (Minecraft) Preparing spawn area: 83%
[13:25:03] [main/INFO] (Minecraft) Preparing spawn area: 83%
[13:25:03] [main/INFO] (Minecraft) Preparing spawn area: 83%
[13:25:03] [main/INFO] (Minecraft) Preparing spawn area: 83%
[13:25:03] [main/INFO] (Minecraft) Preparing spawn area: 83%
[13:25:03] [main/INFO] (Minecraft) Preparing spawn area: 83%
[13:25:03] [main/INFO] (Minecraft) Preparing spawn area: 83%
[13:25:03] [main/INFO] (Minecraft) Preparing spawn area: 83%
[13:25:03] [main/INFO] (Minecraft) Preparing spawn area: 83%
[13:25:03] [main/INFO] (Minecraft) Preparing spawn area: 83%
[13:25:03] [main/INFO] (Minecraft) Preparing spawn area: 83%
[13:25:03] [main/INFO] (Minecraft) Preparing spawn area: 83%
[13:25:03] [main/INFO] (Minecraft) Preparing spawn area: 83%
[13:25:03] [main/INFO] (Minecraft) Preparing spawn area: 83%
[13:25:03] [main/INFO] (Minecraft) Preparing spawn area: 83%
[13:25:03] [main/INFO] (Minecraft) Preparing spawn area: 83%
[13:25:03] [main/INFO] (Minecraft) Preparing spawn area: 83%
[13:25:03] [main/INFO] (Minecraft) Preparing spawn area: 83%
[13:25:03] [main/INFO] (Minecraft) Preparing spawn area: 83%
[13:25:03] [main/INFO] (Minecraft) Preparing spawn area: 83%
[13:25:03] [main/INFO] (Minecraft) Preparing spawn area: 83%
[13:25:03] [main/INFO] (Minecraft) Preparing spawn area: 83%
[13:25:03] [main/INFO] (Minecraft) Preparing spawn area: 83%
[13:25:03] [main/INFO] (Minecraft) Preparing spawn area: 83%
[13:25:03] [main/INFO] (Minecraft) Preparing spawn area: 83%
[13:25:03] [main/INFO] (Minecraft) Preparing spawn area: 83%
[13:25:03] [main/INFO] (Minecraft) Preparing spawn area: 83%
[13:25:03] [main/INFO] (Minecraft) Preparing spawn area: 83%
[13:25:03] [main/INFO] (Minecraft) Preparing spawn area: 83%
[13:25:03] [main/INFO] (Minecraft) Preparing spawn area: 83%
[13:25:04] [main/INFO] (Minecraft) Preparing spawn area: 95%
[13:25:04] [main/INFO] (Minecraft) Preparing spawn area: 95%
[13:25:04] [main/INFO] (Minecraft) Preparing spawn area: 95%
[13:25:05] [main/INFO] (Minecraft) Preparing spawn area: 95%
[13:25:05] [main/INFO] (Minecraft) Preparing spawn area: 95%
[13:25:06] [main/INFO] (Minecraft) Preparing spawn area: 95%
[13:25:06] [main/INFO] (Minecraft) Preparing spawn area: 95%
[13:25:07] [main/INFO] (Minecraft) Preparing spawn area: 95%
[13:25:07] [main/INFO] (Minecraft) Preparing spawn area: 95%
[13:25:08] [main/INFO] (Minecraft) Preparing spawn area: 96%
[13:25:08] [main/INFO] (Minecraft) Preparing spawn area: 96%
[13:25:09] [main/INFO] (Minecraft) Preparing spawn area: 97%
[13:25:10] [main/INFO] (Minecraft) Preparing spawn area: 97%
[13:25:10] [main/INFO] (Minecraft) Preparing spawn area: 98%
[13:25:11] [main/INFO] (Minecraft) Time elapsed: 36235 ms
[13:25:13] [Server thread/INFO] (Minecraft) Changing view distance to 4, from 10
[13:25:13] [Server thread/WARN] (Minecraft) Can't keep up! Is the server overloaded? Running 2440ms or 48 ticks behind
[13:25:15] [Server thread/INFO] (Minecraft) MartinTintin[local:E:15aff939] logged in with entity id 136 at (-42.30000001192093, 67.0, 128.69999998807907)
[13:25:16] [Server thread/INFO] (Minecraft) MartinTintin joined the game
[13:25:17] [Server thread/INFO] (Minecraft) Saving and pausing game...
[13:25:17] [Server thread/INFO] (Minecraft) Saving chunks for level 'ServerLevel[hehe]'/minecraft:overworld
[13:25:18] [main/INFO] (Minecraft) Loaded 32 advancements
[13:25:25] [Server thread/INFO] (Minecraft) Saving chunks for level 'ServerLevel[hehe]'/minecraft:the_nether
[13:25:25] [Server thread/INFO] (Minecraft) Saving chunks for level 'ServerLevel[hehe]'/minecraft:the_end
[13:26:00] [Server thread/WARN] (Minecraft) Can't keep up! Is the server overloaded? Running 2001ms or 40 ticks behind
[13:26:01] [Server thread/INFO] (Minecraft) [MartinTintin: Set the time to 1000]
[13:26:02] [main/INFO] (Minecraft) [CHAT] Set the time to 1000
[13:26:08] [main/INFO] (Minecraft) [CHAT] starting
[13:26:12] [main/INFO] (Minecraft) [CHAT] stoping
[13:26:13] [main/INFO] (Minecraft) [CHAT] starting
[13:26:14] [main/INFO] (Minecraft) [CHAT] stoping
[13:26:15] [main/INFO] (Minecraft) [CHAT] starting
[13:26:15] [main/INFO] (Minecraft) [CHAT] stoping
[13:26:17] [main/INFO] (Minecraft) [CHAT] starting
[13:26:18] [main/INFO] (Minecraft) [CHAT] stoping
[13:26:20] [main/INFO] (Minecraft) [CHAT] starting
[13:26:21] [main/INFO] (Minecraft) [CHAT] stoping
[13:26:26] [main/INFO] (Minecraft) [CHAT] starting
[13:26:27] [main/INFO] (Minecraft) [CHAT] stoping
[13:26:30] [main/INFO] (Minecraft) [CHAT] starting
[13:26:30] [Server thread/WARN] (Minecraft) Can't keep up! Is the server overloaded? Running 15013ms or 300 ticks behind
[13:26:30] [main/INFO] (Minecraft) [CHAT] stoping
[13:26:32] [Server thread/INFO] (Minecraft) Saving and pausing game...
[13:26:32] [Server thread/INFO] (Minecraft) Saving chunks for level 'ServerLevel[hehe]'/minecraft:overworld
[13:26:33] [Server thread/INFO] (Minecraft) Saving chunks for level 'ServerLevel[hehe]'/minecraft:the_nether
[13:26:33] [Server thread/INFO] (Minecraft) Saving chunks for level 'ServerLevel[hehe]'/minecraft:the_end
[13:28:14] [main/INFO] (Minecraft) [CHAT] starting
[13:28:15] [Server thread/WARN] (Minecraft) Can't keep up! Is the server overloaded? Running 2130ms or 42 ticks behind
[13:28:23] [main/INFO] (Minecraft) [CHAT] stoping
[13:28:36] [Server thread/INFO] (Minecraft) [MartinTintin: Set own game mode to Creative Mode]
[13:28:36] [main/INFO] (Minecraft) [CHAT] Set own game mode to Creative Mode
[13:28:38] [Server thread/WARN] (Minecraft) Can't keep up! Is the server overloaded? Running 7917ms or 158 ticks behind
[13:28:40] [Server thread/INFO] (Minecraft) [MartinTintin: Gave 1 [Obsidian] to MartinTintin]
[13:28:40] [main/INFO] (Minecraft) [CHAT] Gave 1 [Obsidian] to MartinTintin
[13:28:46] [main/INFO] (Minecraft) [CHAT] starting
[13:28:48] [main/INFO] (Minecraft) [CHAT] stoping
[13:28:51] [main/INFO] (Minecraft) [CHAT] starting
[13:28:52] [main/INFO] (Minecraft) [CHAT] stoping
[13:28:56] [main/INFO] (Minecraft) [CHAT] starting
[13:28:57] [main/INFO] (Minecraft) [CHAT] stoping
[13:28:58] [Server thread/WARN] (Minecraft) Can't keep up! Is the server overloaded? Running 5385ms or 107 ticks behind
[13:28:59] [main/INFO] (Minecraft) [CHAT] starting
[13:29:00] [main/INFO] (Minecraft) [CHAT] stoping
[13:29:04] [main/INFO] (Minecraft) [CHAT] starting
[13:29:05] [main/INFO] (Minecraft) [CHAT] stoping
[13:29:07] [main/INFO] (Minecraft) [CHAT] starting
[13:29:08] [main/INFO] (Minecraft) [CHAT] stoping
[13:29:11] [main/INFO] (Minecraft) [CHAT] starting
[13:29:13] [main/INFO] (Minecraft) [CHAT] stoping
[13:29:18] [main/INFO] (Minecraft) [CHAT] starting
[13:29:34] [main/INFO] (Minecraft) [CHAT] stoping
[13:29:36] [main/INFO] (Minecraft) [CHAT] starting
[13:29:46] [main/INFO] (Minecraft) [CHAT] stoping
[13:29:48] [main/INFO] (Minecraft) [CHAT] starting
[13:29:59] [main/INFO] (Minecraft) [CHAT] stoping
[13:30:04] [main/INFO] (Minecraft) [CHAT] starting
[13:30:07] [main/INFO] (Minecraft) [CHAT] stoping
[13:30:12] [main/INFO] (Minecraft) [CHAT] starting
[13:30:13] [main/INFO] (Minecraft) [CHAT] stoping
[13:30:16] [Server thread/INFO] (Minecraft) Saving and pausing game...
[13:30:16] [Server thread/INFO] (Minecraft) Saving chunks for level 'ServerLevel[hehe]'/minecraft:overworld
[13:30:19] [Server thread/INFO] (Minecraft) Saving chunks for level 'ServerLevel[hehe]'/minecraft:the_nether
[13:30:19] [Server thread/INFO] (Minecraft) Saving chunks for level 'ServerLevel[hehe]'/minecraft:the_end
[13:30:19] [Server thread/WARN] (Minecraft) Can't keep up! Is the server overloaded? Running 2417ms or 48 ticks behind
[13:32:34] [Server thread/WARN] (Minecraft) Can't keep up! Is the server overloaded? Running 2489ms or 49 ticks behind
[13:32:39] [main/INFO] (Minecraft) [CHAT] starting
[13:32:40] [main/INFO] (Minecraft) [CHAT] stoping
[13:32:41] [main/INFO] (Minecraft) [CHAT] starting
[13:32:42] [main/INFO] (Minecraft) [CHAT] stoping
[13:32:50] [main/INFO] (Minecraft) [CHAT] starting
[13:32:54] [main/INFO] (Minecraft) [CHAT] stoping
[13:32:57] [Server thread/WARN] (Minecraft) Can't keep up! Is the server overloaded? Running 7671ms or 153 ticks behind
[13:33:00] [main/INFO] (Minecraft) [CHAT] starting
[13:33:02] [main/INFO] (Minecraft) [CHAT] stoping
[13:33:15] [Server thread/WARN] (Minecraft) Can't keep up! Is the server overloaded? Running 3349ms or 66 ticks behind
[13:33:18] [main/INFO] (Minecraft) [CHAT] starting
[13:33:20] [main/INFO] (Minecraft) [CHAT] stoping
[13:33:28] [main/INFO] (Minecraft) [CHAT] starting
[13:33:29] [main/INFO] (Minecraft) [CHAT] stoping
[13:33:30] [main/INFO] (Minecraft) [CHAT] starting
[13:33:31] [main/INFO] (Minecraft) [CHAT] stoping
[13:33:31] [main/INFO] (Minecraft) [CHAT] starting
[13:33:32] [main/INFO] (Minecraft) [CHAT] stoping
[13:33:34] [Server thread/WARN] (Minecraft) Can't keep up! Is the server overloaded? Running 4479ms or 89 ticks behind
[13:33:37] [main/INFO] (Minecraft) [CHAT] starting
[13:33:40] [main/INFO] (Minecraft) [CHAT] stoping
[13:33:41] [main/INFO] (Minecraft) [CHAT] starting
[13:33:42] [main/INFO] (Minecraft) [CHAT] stoping
[13:33:53] [Server thread/INFO] (Minecraft) [MartinTintin: Set own game mode to Survival Mode]
[13:33:53] [main/INFO] (Minecraft) [CHAT] Set own game mode to Survival Mode
[13:33:54] [main/INFO] (Minecraft) [CHAT] starting
[13:33:55] [main/INFO] (Minecraft) [CHAT] stoping
[13:34:07] [Server thread/INFO] (Minecraft) [MartinTintin: Applied effect Slowness to MartinTintin]
[13:34:07] [main/INFO] (Minecraft) [CHAT] Applied effect Slowness to MartinTintin
[13:34:10] [Server thread/INFO] (Minecraft) [MartinTintin: Removed every effect from MartinTintin]
[13:34:10] [main/INFO] (Minecraft) [CHAT] Removed every effect from MartinTintin
[13:34:13] [Server thread/INFO] (Minecraft) [MartinTintin: Applied effect Slowness to MartinTintin]
[13:34:13] [main/INFO] (Minecraft) [CHAT] Applied effect Slowness to MartinTintin
[13:34:20] [Server thread/INFO] (Minecraft) [MartinTintin: Applied effect Slowness to MartinTintin]
[13:34:20] [main/INFO] (Minecraft) [CHAT] Applied effect Slowness to MartinTintin
[13:34:27] [Server thread/INFO] (Minecraft) [MartinTintin: Removed every effect from MartinTintin]
[13:34:27] [main/INFO] (Minecraft) [CHAT] Removed every effect from MartinTintin
[13:34:29] [Server thread/INFO] (Minecraft) [MartinTintin: Applied effect Slowness to MartinTintin]
[13:34:29] [main/INFO] (Minecraft) [CHAT] Applied effect Slowness to MartinTintin
[13:34:31] [main/INFO] (Minecraft) [CHAT] starting
[13:34:36] [main/INFO] (Minecraft) [CHAT] stoping
[13:34:41] [main/INFO] (Minecraft) [CHAT] starting
[13:34:43] [main/INFO] (Minecraft) [CHAT] stoping
[13:34:52] [main/INFO] (Minecraft) [CHAT] starting
[13:34:53] [main/INFO] (Minecraft) [CHAT] stoping
[13:34:53] [main/INFO] (Minecraft) [CHAT] starting
[13:35:00] [main/INFO] (Minecraft) [CHAT] stoping
[13:35:10] [main/INFO] (Minecraft) [CHAT] starting
[13:35:11] [main/INFO] (Minecraft) [CHAT] stoping
[13:35:19] [main/INFO] (Minecraft) [CHAT] starting
[13:35:22] [main/INFO] (Minecraft) [CHAT] stoping
[13:35:25] [main/INFO] (Minecraft) [CHAT] starting
[13:35:30] [main/WARN] (Minecraft) Received passengers for unknown entity
[13:35:44] [main/INFO] (Minecraft) [CHAT] stoping
[13:35:48] [main/INFO] (Minecraft) [CHAT] starting
[13:35:51] [main/INFO] (Minecraft) [CHAT] stoping
[13:35:57] [Server thread/INFO] (Minecraft) [MartinTintin: Removed every effect from MartinTintin]
[13:35:57] [main/INFO] (Minecraft) [CHAT] Removed every effect from MartinTintin
[13:36:01] [main/INFO] (Minecraft) [CHAT] starting
[13:36:02] [main/INFO] (Minecraft) [CHAT] stoping
[13:36:04] [main/INFO] (Minecraft) [CHAT] starting
[13:36:24] [Server thread/INFO] (Minecraft) [MartinTintin: Set own game mode to Creative Mode]
[13:36:24] [main/INFO] (Minecraft) [CHAT] Set own game mode to Creative Mode
[13:36:26] [main/INFO] (Minecraft) [CHAT] stoping
[13:36:31] [main/INFO] (Minecraft) [CHAT] starting
[13:36:37] [Server thread/INFO] (Minecraft) Saving and pausing game...
[13:36:37] [Server thread/INFO] (Minecraft) Saving chunks for level 'ServerLevel[hehe]'/minecraft:overworld
[13:36:38] [Server thread/INFO] (Minecraft) Saving chunks for level 'ServerLevel[hehe]'/minecraft:the_nether
[13:36:38] [Server thread/INFO] (Minecraft) Saving chunks for level 'ServerLevel[hehe]'/minecraft:the_end
[13:36:41] [main/INFO] (Minecraft) [CHAT] stoping
[13:36:42] [main/INFO] (Minecraft) [CHAT] starting
[13:36:52] [main/INFO] (Minecraft) [CHAT] stoping
[13:37:07] [main/INFO] (Minecraft) [CHAT] starting
[13:37:14] [main/INFO] (Minecraft) [CHAT] stoping
[13:37:19] [Server thread/INFO] (Minecraft) Saving and pausing game...
[13:37:20] [Server thread/INFO] (Minecraft) Saving chunks for level 'ServerLevel[hehe]'/minecraft:overworld
[13:37:20] [Server thread/INFO] (Minecraft) Saving chunks for level 'ServerLevel[hehe]'/minecraft:the_nether
[13:37:20] [Server thread/INFO] (Minecraft) Saving chunks for level 'ServerLevel[hehe]'/minecraft:the_end
[13:37:30] [Server thread/INFO] (Minecraft) Saving and pausing game...
[13:37:30] [Server thread/INFO] (Minecraft) Saving chunks for level 'ServerLevel[hehe]'/minecraft:overworld
[13:37:31] [Server thread/INFO] (Minecraft) Saving chunks for level 'ServerLevel[hehe]'/minecraft:the_nether
[13:37:31] [Server thread/INFO] (Minecraft) Saving chunks for level 'ServerLevel[hehe]'/minecraft:the_end
[13:37:37] [Server thread/INFO] (Minecraft) Saving and pausing game...
[13:37:37] [Server thread/INFO] (Minecraft) Saving chunks for level 'ServerLevel[hehe]'/minecraft:overworld
[13:37:37] [Server thread/INFO] (Minecraft) Saving chunks for level 'ServerLevel[hehe]'/minecraft:the_nether
[13:37:37] [Server thread/INFO] (Minecraft) Saving chunks for level 'ServerLevel[hehe]'/minecraft:the_end
[13:38:16] [Server thread/INFO] (Minecraft) Saving and pausing game...
[13:38:16] [Server thread/INFO] (Minecraft) Saving chunks for level 'ServerLevel[hehe]'/minecraft:overworld
[13:38:17] [Server thread/INFO] (Minecraft) Saving chunks for level 'ServerLevel[hehe]'/minecraft:the_nether
[13:38:17] [Server thread/INFO] (Minecraft) Saving chunks for level 'ServerLevel[hehe]'/minecraft:the_end
[13:38:23] [Server thread/INFO] (Minecraft) Saving and pausing game...
[13:38:23] [Server thread/INFO] (Minecraft) Saving chunks for level 'ServerLevel[hehe]'/minecraft:overworld
[13:38:23] [Server thread/INFO] (Minecraft) Saving chunks for level 'ServerLevel[hehe]'/minecraft:the_nether
[13:38:23] [Server thread/INFO] (Minecraft) Saving chunks for level 'ServerLevel[hehe]'/minecraft:the_end
[13:38:32] [Server thread/INFO] (Minecraft) Saving and pausing game...
[13:38:32] [Server thread/INFO] (Minecraft) Saving chunks for level 'ServerLevel[hehe]'/minecraft:overworld
[13:38:33] [Server thread/INFO] (Minecraft) Saving chunks for level 'ServerLevel[hehe]'/minecraft:the_nether
[13:38:33] [Server thread/INFO] (Minecraft) Saving chunks for level 'ServerLevel[hehe]'/minecraft:the_end
[13:38:43] [main/INFO] (Minecraft) [CHAT] starting
[13:38:47] [main/INFO] (Minecraft) [CHAT] stoping
[13:38:47] [main/INFO] (Minecraft) [CHAT] starting
[13:38:48] [main/INFO] (Minecraft) [CHAT] stoping
[13:38:48] [main/INFO] (Minecraft) [CHAT] starting
[13:38:49] [main/INFO] (Minecraft) [CHAT] stoping
[13:38:49] [main/INFO] (Minecraft) [CHAT] starting
[13:38:50] [main/INFO] (Minecraft) [CHAT] stoping
[13:38:50] [main/INFO] (Minecraft) [CHAT] starting
[13:38:51] [main/INFO] (Minecraft) [CHAT] stoping
[13:38:51] [main/INFO] (Minecraft) [CHAT] starting
[13:38:55] [main/INFO] (Minecraft) [CHAT] stoping
[13:38:57] [main/INFO] (Minecraft) [CHAT] starting
[13:38:58] [main/INFO] (Minecraft) [CHAT] stoping
[13:39:00] [main/INFO] (Minecraft) [CHAT] starting
[13:39:13] [main/INFO] (Minecraft) [CHAT] stoping
[13:39:22] [main/INFO] (Minecraft) [CHAT] starting
[13:39:23] [main/INFO] (Minecraft) [CHAT] stoping
[13:39:27] [main/INFO] (Minecraft) [CHAT] starting
[13:39:30] [main/INFO] (Minecraft) [CHAT] stoping
[13:39:34] [main/INFO] (Minecraft) [CHAT] starting
[13:39:35] [main/INFO] (Minecraft) [CHAT] stoping
[13:39:41] [main/INFO] (Minecraft) [CHAT] starting
[13:39:42] [main/INFO] (Minecraft) [CHAT] stoping
[13:39:45] [main/INFO] (Minecraft) [CHAT] starting
[13:39:45] [main/INFO] (Minecraft) [CHAT] stoping
[13:39:46] [main/INFO] (Minecraft) [CHAT] starting
[13:39:47] [main/INFO] (Minecraft) [CHAT] stoping
[13:39:49] [Server thread/INFO] (Minecraft) Saving and pausing game...
[13:39:49] [Server thread/INFO] (Minecraft) Saving chunks for level 'ServerLevel[hehe]'/minecraft:overworld
[13:39:50] [Server thread/INFO] (Minecraft) Saving chunks for level 'ServerLevel[hehe]'/minecraft:the_nether
[13:39:50] [Server thread/INFO] (Minecraft) Saving chunks for level 'ServerLevel[hehe]'/minecraft:the_end
[13:40:06] [main/INFO] (Minecraft) [CHAT] starting
[13:40:22] [main/INFO] (Minecraft) [CHAT] stoping
[14:03:56] [Server thread/INFO] (Minecraft) [MartinTintin: Set the time to 1000]
[14:03:56] [main/INFO] (Minecraft) [CHAT] Set the time to 1000
[14:04:27] [main/INFO] (Minecraft) [CHAT] Unknown or incomplete command, see below for error
[14:04:27] [main/INFO] (Minecraft) [CHAT] ... ~20 ~ ~20<--[HERE]
[14:04:28] [main/INFO] (Minecraft) [CHAT] starting
[14:04:41] [main/INFO] (Minecraft) [CHAT] stoping
[14:04:46] [main/INFO] (Minecraft) [CHAT] starting
[14:04:50] [main/INFO] (Minecraft) [CHAT] stoping
[14:04:55] [main/INFO] (Minecraft) [CHAT] starting
[14:05:00] [main/INFO] (Minecraft) [CHAT] stoping
[14:05:03] [main/WARN] (Minecraft) Received passengers for unknown entity
[14:05:03] [main/WARN] (Minecraft) Unable to play empty soundEvent: minecraft:entity.cod.ambient
[14:05:08] [Server thread/INFO] (Minecraft) [MartinTintin: Successfully filled 1681 blocks]
[14:05:08] [main/INFO] (Minecraft) [CHAT] Successfully filled 1681 blocks
[14:05:19] [main/INFO] (Minecraft) [CHAT] starting
[14:05:20] [main/INFO] (Minecraft) [CHAT] stoping
[14:05:23] [main/INFO] (Minecraft) [CHAT] starting
[14:05:26] [main/INFO] (Minecraft) [CHAT] stoping
[14:05:30] [Server thread/INFO] (Minecraft) Saving and pausing game...
[14:05:30] [Server thread/INFO] (Minecraft) Saving chunks for level 'ServerLevel[hehe]'/minecraft:overworld
[14:05:31] [Server thread/INFO] (Minecraft) Saving chunks for level 'ServerLevel[hehe]'/minecraft:the_nether
[14:05:31] [Server thread/INFO] (Minecraft) Saving chunks for level 'ServerLevel[hehe]'/minecraft:the_end
[14:05:49] [main/INFO] (Minecraft) [CHAT] starting
[14:05:51] [main/INFO] (Minecraft) [CHAT] stoping
[14:05:53] [Server thread/INFO] (Minecraft) Saving and pausing game...
[14:05:53] [Server thread/INFO] (Minecraft) Saving chunks for level 'ServerLevel[hehe]'/minecraft:overworld
[14:05:53] [Server thread/INFO] (Minecraft) Saving chunks for level 'ServerLevel[hehe]'/minecraft:the_nether
[14:05:53] [Server thread/INFO] (Minecraft) Saving chunks for level 'ServerLevel[hehe]'/minecraft:the_end
[14:06:40] [Server thread/WARN] (Minecraft) Can't keep up! Is the server overloaded? Running 4327ms or 86 ticks behind
[14:06:51] [main/INFO] (Minecraft) [CHAT] starting
[14:06:56] [main/INFO] (Minecraft) [CHAT] stoping
[14:06:59] [Server thread/INFO] (Minecraft) Saving and pausing game...
[14:06:59] [Server thread/INFO] (Minecraft) Saving chunks for level 'ServerLevel[hehe]'/minecraft:overworld
[14:07:01] [Server thread/INFO] (Minecraft) Saving chunks for level 'ServerLevel[hehe]'/minecraft:the_nether
[14:07:01] [Server thread/INFO] (Minecraft) Saving chunks for level 'ServerLevel[hehe]'/minecraft:the_end
[14:07:01] [Server thread/WARN] (Minecraft) Can't keep up! Is the server overloaded? Running 5550ms or 111 ticks behind
[14:07:18] [main/INFO] (Minecraft) [CHAT] starting
[14:07:21] [main/INFO] (Minecraft) [CHAT] stoping
[14:07:22] [Server thread/WARN] (Minecraft) Can't keep up! Is the server overloaded? Running 6098ms or 121 ticks behind
[14:07:27] [Server thread/INFO] (Minecraft) [MartinTintin: Set own game mode to Survival Mode]
[14:07:27] [main/INFO] (Minecraft) [CHAT] Set own game mode to Survival Mode
[14:07:27] [main/INFO] (Minecraft) [CHAT] starting
[14:07:35] [main/INFO] (Minecraft) [CHAT] stoping
[14:07:37] [main/INFO] (Minecraft) [CHAT] starting
[14:07:39] [main/INFO] (Minecraft) [CHAT] stoping
[14:07:39] [Server thread/WARN] (Minecraft) Can't keep up! Is the server overloaded? Running 2511ms or 50 ticks behind
[14:07:40] [Server thread/INFO] (Minecraft) Saving and pausing game...
[14:07:40] [Server thread/INFO] (Minecraft) Saving chunks for level 'ServerLevel[hehe]'/minecraft:overworld
[14:07:42] [Server thread/INFO] (Minecraft) Saving chunks for level 'ServerLevel[hehe]'/minecraft:the_nether
[14:07:42] [Server thread/INFO] (Minecraft) Saving chunks for level 'ServerLevel[hehe]'/minecraft:the_end
[14:09:27] [main/INFO] (Minecraft) [CHAT] starting
[14:09:28] [main/INFO] (Minecraft) [CHAT] stoping
[14:09:34] [main/INFO] (Minecraft) [CHAT] starting
[14:09:36] [main/INFO] (Minecraft) [CHAT] stoping
[14:09:40] [Server thread/WARN] (Minecraft) Can't keep up! Is the server overloaded? Running 2077ms or 41 ticks behind
[14:09:51] [main/INFO] (Minecraft) [CHAT] starting
[14:09:52] [main/INFO] (Minecraft) [CHAT] stoping
[14:09:52] [main/INFO] (Minecraft) [CHAT] starting
[14:09:53] [main/INFO] (Minecraft) [CHAT] stoping
[14:09:55] [Server thread/INFO] (Minecraft) Saving and pausing game...
[14:09:55] [Server thread/INFO] (Minecraft) Saving chunks for level 'ServerLevel[hehe]'/minecraft:overworld
[14:09:56] [Server thread/INFO] (Minecraft) Saving chunks for level 'ServerLevel[hehe]'/minecraft:the_nether
[14:09:56] [Server thread/INFO] (Minecraft) Saving chunks for level 'ServerLevel[hehe]'/minecraft:the_end
[14:09:59] [Server thread/INFO] (Minecraft) Saving and pausing game...
[14:09:59] [Server thread/INFO] (Minecraft) Saving chunks for level 'ServerLevel[hehe]'/minecraft:overworld
[14:09:59] [Server thread/INFO] (Minecraft) Saving chunks for level 'ServerLevel[hehe]'/minecraft:the_nether
[14:09:59] [Server thread/INFO] (Minecraft) Saving chunks for level 'ServerLevel[hehe]'/minecraft:the_end
[14:11:04] [Server thread/INFO] (Minecraft) [MartinTintin: Set own game mode to Creative Mode]
[14:11:04] [main/INFO] (Minecraft) [CHAT] Set own game mode to Creative Mode
[14:11:11] [Server thread/WARN] (Minecraft) Can't keep up! Is the server overloaded? Running 2037ms or 40 ticks behind
[14:11:11] [Server thread/INFO] (Minecraft) Saving and pausing game...
[14:11:11] [Server thread/INFO] (Minecraft) Saving chunks for level 'ServerLevel[hehe]'/minecraft:overworld
[14:11:12] [Server thread/INFO] (Minecraft) Saving chunks for level 'ServerLevel[hehe]'/minecraft:the_nether
[14:11:12] [Server thread/INFO] (Minecraft) Saving chunks for level 'ServerLevel[hehe]'/minecraft:the_end
[14:11:29] [Server thread/INFO] (Minecraft) Changing view distance to 12, from 4
[14:11:36] [Server thread/WARN] (Minecraft) Can't keep up! Is the server overloaded? Running 2019ms or 40 ticks behind
[14:12:00] [Server thread/WARN] (Minecraft) Can't keep up! Is the server overloaded? Running 8921ms or 178 ticks behind
[14:12:01] [Server thread/INFO] (Minecraft) Saving and pausing game...
[14:12:01] [Server thread/INFO] (Minecraft) Saving chunks for level 'ServerLevel[hehe]'/minecraft:overworld
[14:12:02] [Server thread/INFO] (Minecraft) Saving chunks for level 'ServerLevel[hehe]'/minecraft:the_nether
[14:12:02] [Server thread/INFO] (Minecraft) Saving chunks for level 'ServerLevel[hehe]'/minecraft:the_end
[14:12:23] [Server thread/INFO] (Minecraft) Saving and pausing game...
[14:12:23] [Server thread/INFO] (Minecraft) Saving chunks for level 'ServerLevel[hehe]'/minecraft:overworld
[14:12:24] [Server thread/INFO] (Minecraft) Saving chunks for level 'ServerLevel[hehe]'/minecraft:the_nether
[14:12:24] [Server thread/INFO] (Minecraft) Saving chunks for level 'ServerLevel[hehe]'/minecraft:the_end
[14:12:24] [Server thread/WARN] (Minecraft) Can't keep up! Is the server overloaded? Running 9215ms or 184 ticks behind
[14:12:36] [Server thread/INFO] (Minecraft) Saving and pausing game...
[14:12:36] [Server thread/INFO] (Minecraft) Saving chunks for level 'ServerLevel[hehe]'/minecraft:overworld
[14:12:37] [Server thread/INFO] (Minecraft) Saving chunks for level 'ServerLevel[hehe]'/minecraft:the_nether
[14:12:37] [Server thread/INFO] (Minecraft) Saving chunks for level 'ServerLevel[hehe]'/minecraft:the_end
[14:12:47] [Server thread/WARN] (Minecraft) Can't keep up! Is the server overloaded? Running 2186ms or 43 ticks behind
[14:12:47] [Server thread/INFO] (Minecraft) Saving and pausing game...
[14:12:47] [Server thread/INFO] (Minecraft) Saving chunks for level 'ServerLevel[hehe]'/minecraft:overworld
[14:12:48] [Server thread/INFO] (Minecraft) Saving chunks for level 'ServerLevel[hehe]'/minecraft:the_nether
[14:12:48] [Server thread/INFO] (Minecraft) Saving chunks for level 'ServerLevel[hehe]'/minecraft:the_end
[14:13:04] [main/INFO] (Minecraft) [CHAT] starting
[14:13:18] [main/INFO] (Minecraft) [CHAT] stoping
[14:13:19] [main/INFO] (Minecraft) [CHAT] starting
[14:13:22] [main/INFO] (Minecraft) [CHAT] stoping
[14:13:23] [main/INFO] (Minecraft) [CHAT] starting
[14:13:33] [main/INFO] (Minecraft) [CHAT] stoping
[14:13:38] [main/INFO] (Minecraft) [CHAT] starting
[14:13:39] [main/INFO] (Minecraft) [CHAT] stoping
[14:13:41] [main/INFO] (Minecraft) [CHAT] starting
[14:13:42] [main/INFO] (Minecraft) [CHAT] stoping
[14:14:07] [main/INFO] (Minecraft) [CHAT] starting
[14:14:08] [main/INFO] (Minecraft) [CHAT] stoping
[14:14:12] [Server thread/INFO] (Minecraft) Saving and pausing game...
[14:14:12] [Server thread/INFO] (Minecraft) Saving chunks for level 'ServerLevel[hehe]'/minecraft:overworld
[14:14:13] [Server thread/INFO] (Minecraft) Saving chunks for level 'ServerLevel[hehe]'/minecraft:the_nether
[14:14:13] [Server thread/INFO] (Minecraft) Saving chunks for level 'ServerLevel[hehe]'/minecraft:the_end
[14:22:45] [Server thread/WARN] (Minecraft) Can't keep up! Is the server overloaded? Running 2694ms or 53 ticks behind
[14:22:52] [main/INFO] (Minecraft) [CHAT] starting
[14:22:53] [main/INFO] (Minecraft) [CHAT] stoping
[14:23:00] [Server thread/INFO] (Minecraft) Saving and pausing game...
[14:23:00] [Server thread/INFO] (Minecraft) Saving chunks for level 'ServerLevel[hehe]'/minecraft:overworld
[14:23:02] [Server thread/INFO] (Minecraft) Saving chunks for level 'ServerLevel[hehe]'/minecraft:the_nether
[14:23:02] [Server thread/INFO] (Minecraft) Saving chunks for level 'ServerLevel[hehe]'/minecraft:the_end
[14:23:02] [Server thread/WARN] (Minecraft) Can't keep up! Is the server overloaded? Running 2074ms or 41 ticks behind
[14:54:31] [main/INFO] (Minecraft) [CHAT] starting
[14:54:39] [main/INFO] (Minecraft) [CHAT] stoping
[14:54:42] [Server thread/INFO] (Minecraft) Saving and pausing game...
[14:54:42] [Server thread/INFO] (Minecraft) Saving chunks for level 'ServerLevel[hehe]'/minecraft:overworld
[14:54:43] [Server thread/INFO] (Minecraft) Saving chunks for level 'ServerLevel[hehe]'/minecraft:the_nether
[14:54:43] [Server thread/INFO] (Minecraft) Saving chunks for level 'ServerLevel[hehe]'/minecraft:the_end
[15:59:52] [main/INFO] (Minecraft) Stopping!
[15:59:52] [Server thread/INFO] (Minecraft) MartinTintin lost connection: Disconnected
[15:59:52] [Server thread/INFO] (Minecraft) MartinTintin left the game
[15:59:52] [Server thread/INFO] (Minecraft) Stopping singleplayer server as player logged out
[15:59:53] [Server thread/INFO] (Minecraft) Stopping server
[15:59:53] [Server thread/INFO] (Minecraft) Saving players
[15:59:53] [Server thread/INFO] (Minecraft) Saving worlds
[15:59:53] [Server thread/INFO] (Minecraft) Saving chunks for level 'ServerLevel[hehe]'/minecraft:overworld
[15:59:55] [Server thread/INFO] (Minecraft) ThreadedAnvilChunkStorage (hehe): All chunks are saved
[15:59:55] [Server thread/INFO] (Minecraft) Saving chunks for level 'ServerLevel[hehe]'/minecraft:the_nether
[15:59:55] [Server thread/INFO] (Minecraft) ThreadedAnvilChunkStorage (DIM-1): All chunks are saved
[15:59:55] [Server thread/INFO] (Minecraft) Saving chunks for level 'ServerLevel[hehe]'/minecraft:the_end
[15:59:55] [Server thread/INFO] (Minecraft) ThreadedAnvilChunkStorage (DIM1): All chunks are saved
[15:59:55] [Server thread/INFO] (Minecraft) ThreadedAnvilChunkStorage (hehe): All chunks are saved
[15:59:56] [Server thread/INFO] (Minecraft) ThreadedAnvilChunkStorage (DIM-1): All chunks are saved
[15:59:56] [Server thread/INFO] (Minecraft) ThreadedAnvilChunkStorage (DIM1): All chunks are saved
